#
# A fatal error has been detected by the Java Runtime Environment:
#
#  EXCEPTION_ILLEGAL_INSTRUCTION (0xc000001d) at pc=0x000000006395ab4b, pid=18144, tid=0x000000000000332c
#
# JRE version: OpenJDK Runtime Environment (8.0_242-b01) (build 1.8.0_242-release-1644-b01)
# Java VM: OpenJDK 64-Bit Server VM (25.242-b01 mixed mode windows-amd64 compressed oops)
# Problematic frame:
# V  [jvm.dll+0x46ab4b]
#
# Failed to write core dump. Minidumps are not enabled by default on client versions of Windows
#
# If you would like to submit a bug report, please visit:
#   
#

---------------  T H R E A D  ---------------

Current thread (0x00000000195db800):  JavaThread "C2 CompilerThread1" daemon [_thread_in_native, id=13100, stack(0x0000000019fa0000,0x000000001a0a0000)]

siginfo: ExceptionCode=0xc000001d

Registers:
RAX=0x000000002318b358, RBX=0x00000000309b6110, RCX=0x000000000000000f, RDX=0x000000002318b358
RSP=0x000000001a09c0b0, RBP=0x0000000000000003, RSI=0x000000001a09c330, RDI=0x0000000000000000
R8 =0x0000000000000001, R9 =0x000000001b661bd0, R10=0x0000000016ea0530, R11=0x000000001b661a40
R12=0x0000000031daf708, R13=0x000000002fc57478, R14=0x000000002fc57418, R15=0x0000000019615af0
RIP=0x000000006395ab4b, EFLAGS=0x0000000000010206

Top of Stack: (sp=0x000000001a09c0b0)
0x000000001a09c0b0:   0000000000000003 000000001a09c330
0x000000001a09c0c0:   0000000031daf708 000000001a09c330
0x000000001a09c0d0:   000000003126f500 00000000639d17f6
0x000000001a09c0e0:   0000000000000000 00000000634f0000
0x000000001a09c0f0:   0000000000000000 000000001a09c330
0x000000001a09c100:   00000000309b6110 00000000639cedd1
0x000000001a09c110:   000000002fc572c8 0000000000000000
0x000000001a09c120:   000000002fe86f40 000000001a09c330
0x000000001a09c130:   000000001a09db00 000000006392648c
0x000000001a09c140:   0000000000000000 00000000639cbac4
0x000000001a09c150:   000000002fc52901 0000000000000000
0x000000001a09c160:   000000002fe86f40 000000001a09e580
0x000000001a09c170:   000000002fc54778 00000000639adf5b
0x000000001a09c180:   0000000000000001 0000000000000000
0x000000001a09c190:   0000000000000010 0000000000000040
0x000000001a09c1a0:   0000000000000000 00000000639af032 

Instructions: (pc=0x000000006395ab4b)
0x000000006395ab2b:   71 8f 32 00 48 8b 14 f9 48 c1 e0 03 48 63 4a 28
0x000000006395ab3b:   48 3b c8 7d 19 48 8b 4e 10 e8 07 96 fd ff 4d 9b
0x000000006395ab4b:   ce 4d 8b c5 8b 10 48 8b ce e8 37 99 ff ff 48 ff
0x000000006395ab5b:   c7 48 3b fd 7c bf 48 8b 7e 10 48 83 bf b0 01 00 


Register to memory mapping:

RAX=0x000000002318b358 is an unknown value
RBX=0x00000000309b6110 is an unknown value
RCX=0x000000000000000f is an unknown value
RDX=0x000000002318b358 is an unknown value
RSP=0x000000001a09c0b0 is pointing into the stack for thread: 0x00000000195db800
RBP=0x0000000000000003 is an unknown value
RSI=0x000000001a09c330 is pointing into the stack for thread: 0x00000000195db800
RDI=0x0000000000000000 is an unknown value
R8 =0x0000000000000001 is an unknown value
R9 =0x000000001b661bd0 is an unknown value
R10=0x0000000016ea0530 is pointing into metadata
R11=0x000000001b661a40 is an unknown value
R12=0x0000000031daf708 is an unknown value
R13=0x000000002fc57478 is an unknown value
R14=0x000000002fc57418 is an unknown value
R15=0x0000000019615af0 is an unknown value


Stack: [0x0000000019fa0000,0x000000001a0a0000],  sp=0x000000001a09c0b0,  free space=1008k
Native frames: (J=compiled Java code, j=interpreted, Vv=VM code, C=native code)
V  [jvm.dll+0x46ab4b]
V  [jvm.dll+0x4dedd1]
V  [jvm.dll+0x4dbac4]
V  [jvm.dll+0x4d4567]
V  [jvm.dll+0x4d48e9]
V  [jvm.dll+0x4d4e7f]
V  [jvm.dll+0x42bfd0]
V  [jvm.dll+0x451006]
V  [jvm.dll+0x4dba6d]
V  [jvm.dll+0x4d4567]
V  [jvm.dll+0x4d48e9]
V  [jvm.dll+0x4d4e7f]
V  [jvm.dll+0x42bfd0]
V  [jvm.dll+0x451006]
V  [jvm.dll+0x4dba6d]
V  [jvm.dll+0x4d4567]
V  [jvm.dll+0x4d48e9]
V  [jvm.dll+0x4d4e7f]
V  [jvm.dll+0x42bfd0]
V  [jvm.dll+0x451006]
V  [jvm.dll+0x4dba6d]
V  [jvm.dll+0x4d4567]
V  [jvm.dll+0x4d48e9]
V  [jvm.dll+0x4d4e7f]
V  [jvm.dll+0x42bfd0]
V  [jvm.dll+0x451006]
V  [jvm.dll+0x4dba6d]
V  [jvm.dll+0x4d4567]
V  [jvm.dll+0x4d48e9]
V  [jvm.dll+0x4d4e7f]
V  [jvm.dll+0x42bfd0]
V  [jvm.dll+0x451006]
V  [jvm.dll+0x4dba6d]
V  [jvm.dll+0x4d4567]
V  [jvm.dll+0x4d48e9]
V  [jvm.dll+0x4d4e7f]
V  [jvm.dll+0x42bfd0]
V  [jvm.dll+0x447cde]
V  [jvm.dll+0x42b072]
V  [jvm.dll+0x8230f]
V  [jvm.dll+0x82c7f]
V  [jvm.dll+0x220b7f]
V  [jvm.dll+0x27276a]
C  [msvcr100.dll+0x21d9f]
C  [msvcr100.dll+0x21e3b]
C  [KERNEL32.DLL+0x17034]
C  [ntdll.dll+0x52651]


Current CompileTask:
C2: 584973 27777       4       org.gradle.internal.resources.DefaultResourceLockCoordinationService::getCurrent (58 bytes)


---------------  P R O C E S S  ---------------

Java Threads: ( => current thread )
  0x000000001991a800 JavaThread "RMI TCP Connection(idle)" daemon [_thread_blocked, id=6032, stack(0x0000000033850000,0x0000000033950000)]
  0x0000000019915000 JavaThread "RMI RenewClean-[127.0.0.1:17291,org.jetbrains.kotlin.daemon.common.LoopbackNetworkInterface$ClientLoopbackSocketFactory@5774374e]" daemon [_thread_blocked, id=22376, stack(0x00000000332e0000,0x00000000333e0000)]
  0x0000000019916800 JavaThread "WorkerExecutor Queue Thread 3" [_thread_blocked, id=14796, stack(0x0000000034190000,0x0000000034290000)]
  0x000000001990c000 JavaThread "WorkerExecutor Queue Thread 2" [_thread_blocked, id=22092, stack(0x0000000034090000,0x0000000034190000)]
  0x0000000019910800 JavaThread "WorkerExecutor Queue" [_thread_blocked, id=16580, stack(0x0000000033450000,0x0000000033550000)]
  0x000000001fb91000 JavaThread "jar transforms Thread 366" [_thread_blocked, id=22192, stack(0x000000002c5a0000,0x000000002c6a0000)]
  0x000000001fb97800 JavaThread "jar transforms Thread 365" [_thread_blocked, id=11976, stack(0x000000002c4a0000,0x000000002c5a0000)]
  0x000000001fb90000 JavaThread "jar transforms Thread 364" [_thread_blocked, id=18916, stack(0x000000002c3a0000,0x000000002c4a0000)]
  0x000000001fb97000 JavaThread "jar transforms Thread 363" [_thread_blocked, id=11744, stack(0x000000002c2a0000,0x000000002c3a0000)]
  0x000000001fb96000 JavaThread "jar transforms Thread 362" [_thread_blocked, id=20568, stack(0x000000002c1a0000,0x000000002c2a0000)]
  0x000000001fb94800 JavaThread "jar transforms Thread 361" [_thread_blocked, id=18892, stack(0x000000002c0a0000,0x000000002c1a0000)]
  0x000000001fb92800 JavaThread "jar transforms Thread 360" [_thread_blocked, id=4484, stack(0x000000002bfa0000,0x000000002c0a0000)]
  0x000000001fb8e800 JavaThread "jar transforms Thread 359" [_thread_blocked, id=2364, stack(0x000000002bea0000,0x000000002bfa0000)]
  0x000000001fb95800 JavaThread "jar transforms Thread 358" [_thread_blocked, id=6656, stack(0x000000002bda0000,0x000000002bea0000)]
  0x000000001fb91800 JavaThread "jar transforms Thread 357" [_thread_blocked, id=21500, stack(0x000000002bca0000,0x000000002bda0000)]
  0x000000001fb8d800 JavaThread "jar transforms Thread 356" [_thread_blocked, id=12512, stack(0x000000002bba0000,0x000000002bca0000)]
  0x000000001fb93000 JavaThread "jar transforms Thread 355" [_thread_blocked, id=22028, stack(0x000000002baa0000,0x000000002bba0000)]
  0x000000001fb94000 JavaThread "jar transforms Thread 354" [_thread_blocked, id=6868, stack(0x000000002b9a0000,0x000000002baa0000)]
  0x000000001fb8f800 JavaThread "jar transforms Thread 353" [_thread_blocked, id=7876, stack(0x000000002b8a0000,0x000000002b9a0000)]
  0x000000001c239800 JavaThread "jar transforms Thread 352" [_thread_blocked, id=2208, stack(0x000000002b7a0000,0x000000002b8a0000)]
  0x000000001c237800 JavaThread "jar transforms Thread 351" [_thread_blocked, id=4424, stack(0x000000002b6a0000,0x000000002b7a0000)]
  0x000000001c233000 JavaThread "jar transforms Thread 350" [_thread_blocked, id=2744, stack(0x000000002b5a0000,0x000000002b6a0000)]
  0x000000001c239000 JavaThread "jar transforms Thread 349" [_thread_blocked, id=20940, stack(0x000000002b4a0000,0x000000002b5a0000)]
  0x000000001c238000 JavaThread "jar transforms Thread 348" [_thread_blocked, id=16024, stack(0x000000002b2a0000,0x000000002b3a0000)]
  0x000000001c236000 JavaThread "jar transforms Thread 347" [_thread_blocked, id=2592, stack(0x000000002b1a0000,0x000000002b2a0000)]
  0x000000001c235000 JavaThread "jar transforms Thread 346" [_thread_blocked, id=19488, stack(0x000000002b0a0000,0x000000002b1a0000)]
  0x000000001c234800 JavaThread "jar transforms Thread 345" [_thread_blocked, id=21480, stack(0x000000002afa0000,0x000000002b0a0000)]
  0x000000001b6d0800 JavaThread "jar transforms Thread 344" [_thread_blocked, id=21084, stack(0x000000002aea0000,0x000000002afa0000)]
  0x000000001b6ce000 JavaThread "jar transforms Thread 343" [_thread_blocked, id=14456, stack(0x000000002ada0000,0x000000002aea0000)]
  0x000000001b6cd800 JavaThread "jar transforms Thread 342" [_thread_blocked, id=22436, stack(0x000000002aca0000,0x000000002ada0000)]
  0x000000001b6c6000 JavaThread "jar transforms Thread 341" [_thread_blocked, id=15644, stack(0x000000002aba0000,0x000000002aca0000)]
  0x000000001b6cc000 JavaThread "jar transforms Thread 340" [_thread_blocked, id=13368, stack(0x000000002aaa0000,0x000000002aba0000)]
  0x000000001b6cb000 JavaThread "jar transforms Thread 339" [_thread_blocked, id=14468, stack(0x000000002a9a0000,0x000000002aaa0000)]
  0x000000001b6c3800 JavaThread "jar transforms Thread 338" [_thread_blocked, id=18960, stack(0x000000002a8a0000,0x000000002a9a0000)]
  0x000000001b6ca800 JavaThread "jar transforms Thread 337" [_thread_blocked, id=13968, stack(0x000000002a7a0000,0x000000002a8a0000)]
  0x000000001b6c9800 JavaThread "jar transforms Thread 336" [_thread_blocked, id=15076, stack(0x000000002a6a0000,0x000000002a7a0000)]
  0x000000001b6c2000 JavaThread "jar transforms Thread 335" [_thread_blocked, id=22044, stack(0x000000002a5a0000,0x000000002a6a0000)]
  0x000000001b6c8000 JavaThread "jar transforms Thread 334" [_thread_blocked, id=12760, stack(0x000000002a4a0000,0x000000002a5a0000)]
  0x000000001b6c4800 JavaThread "jar transforms Thread 333" [_thread_blocked, id=20416, stack(0x000000002a3a0000,0x000000002a4a0000)]
  0x000000001c15a000 JavaThread "jar transforms Thread 332" [_thread_blocked, id=3628, stack(0x000000002a2a0000,0x000000002a3a0000)]
  0x000000001c159000 JavaThread "jar transforms Thread 331" [_thread_blocked, id=11856, stack(0x000000002a1a0000,0x000000002a2a0000)]
  0x000000001c15a800 JavaThread "jar transforms Thread 330" [_thread_blocked, id=9836, stack(0x000000002a0a0000,0x000000002a1a0000)]
  0x000000001c155800 JavaThread "jar transforms Thread 329" [_thread_blocked, id=14520, stack(0x0000000029fa0000,0x000000002a0a0000)]
  0x000000001c15c000 JavaThread "jar transforms Thread 328" [_thread_blocked, id=21668, stack(0x0000000029ea0000,0x0000000029fa0000)]
  0x000000001c158800 JavaThread "jar transforms Thread 327" [_thread_blocked, id=21396, stack(0x0000000029da0000,0x0000000029ea0000)]
  0x000000001c15b800 JavaThread "jar transforms Thread 326" [_thread_blocked, id=17032, stack(0x0000000029aa0000,0x0000000029ba0000)]
  0x000000001c14e000 JavaThread "jar transforms Thread 325" [_thread_blocked, id=12040, stack(0x00000000299a0000,0x0000000029aa0000)]
  0x000000001c154800 JavaThread "jar transforms Thread 324" [_thread_blocked, id=14968, stack(0x00000000298a0000,0x00000000299a0000)]
  0x000000001c14d000 JavaThread "jar transforms Thread 323" [_thread_blocked, id=12488, stack(0x00000000297a0000,0x00000000298a0000)]
  0x000000001c154000 JavaThread "jar transforms Thread 322" [_thread_blocked, id=9520, stack(0x00000000296a0000,0x00000000297a0000)]
  0x000000001c153000 JavaThread "jar transforms Thread 321" [_thread_blocked, id=19164, stack(0x00000000295a0000,0x00000000296a0000)]
  0x000000001c152800 JavaThread "jar transforms Thread 320" [_thread_blocked, id=3012, stack(0x00000000294a0000,0x00000000295a0000)]
  0x000000001c150000 JavaThread "jar transforms Thread 319" [_thread_blocked, id=22344, stack(0x00000000293a0000,0x00000000294a0000)]
  0x000000001c151800 JavaThread "jar transforms Thread 318" [_thread_blocked, id=11040, stack(0x00000000292a0000,0x00000000293a0000)]
  0x000000001c14e800 JavaThread "jar transforms Thread 317" [_thread_blocked, id=15000, stack(0x00000000291a0000,0x00000000292a0000)]
  0x000000001a565000 JavaThread "jar transforms Thread 316" [_thread_blocked, id=21612, stack(0x00000000290a0000,0x00000000291a0000)]
  0x000000001a560800 JavaThread "jar transforms Thread 315" [_thread_blocked, id=9616, stack(0x0000000028fa0000,0x00000000290a0000)]
  0x000000001a566800 JavaThread "jar transforms Thread 314" [_thread_blocked, id=20104, stack(0x0000000028ea0000,0x0000000028fa0000)]
  0x000000001a563800 JavaThread "jar transforms Thread 313" [_thread_blocked, id=12484, stack(0x0000000028da0000,0x0000000028ea0000)]
  0x000000001a561000 JavaThread "jar transforms Thread 312" [_thread_blocked, id=6764, stack(0x0000000028ca0000,0x0000000028da0000)]
  0x000000001a558800 JavaThread "jar transforms Thread 311" [_thread_blocked, id=20144, stack(0x0000000028ba0000,0x0000000028ca0000)]
  0x000000001a55f800 JavaThread "jar transforms Thread 310" [_thread_blocked, id=21944, stack(0x0000000028aa0000,0x0000000028ba0000)]
  0x000000001a558000 JavaThread "jar transforms Thread 309" [_thread_blocked, id=21708, stack(0x00000000289a0000,0x0000000028aa0000)]
  0x000000001a55a800 JavaThread "jar transforms Thread 308" [_thread_blocked, id=12468, stack(0x00000000288a0000,0x00000000289a0000)]
  0x000000001a55f000 JavaThread "jar transforms Thread 307" [_thread_blocked, id=21096, stack(0x00000000287a0000,0x00000000288a0000)]
  0x000000001a559800 JavaThread "jar transforms Thread 306" [_thread_blocked, id=928, stack(0x00000000286a0000,0x00000000287a0000)]
  0x000000001a557000 JavaThread "jar transforms Thread 305" [_thread_blocked, id=2484, stack(0x00000000285a0000,0x00000000286a0000)]
  0x000000001a55d800 JavaThread "jar transforms Thread 304" [_thread_blocked, id=21912, stack(0x00000000284a0000,0x00000000285a0000)]
  0x000000001a55c800 JavaThread "jar transforms Thread 303" [_thread_blocked, id=940, stack(0x00000000283a0000,0x00000000284a0000)]
  0x000000001a55c000 JavaThread "jar transforms Thread 302" [_thread_blocked, id=3624, stack(0x00000000282a0000,0x00000000283a0000)]
  0x000000001a55e000 JavaThread "jar transforms Thread 301" [_thread_blocked, id=2540, stack(0x00000000281a0000,0x00000000282a0000)]
  0x000000001a55b000 JavaThread "jar transforms Thread 300" [_thread_blocked, id=21080, stack(0x00000000280a0000,0x00000000281a0000)]
  0x000000002ccbd800 JavaThread "jar transforms Thread 299" [_thread_blocked, id=15660, stack(0x0000000027fa0000,0x00000000280a0000)]
  0x000000002ccbc800 JavaThread "jar transforms Thread 298" [_thread_blocked, id=21984, stack(0x0000000027ea0000,0x0000000027fa0000)]
  0x000000002ccbb000 JavaThread "jar transforms Thread 297" [_thread_blocked, id=1284, stack(0x0000000027da0000,0x0000000027ea0000)]
  0x000000002ccb9800 JavaThread "jar transforms Thread 296" [_thread_blocked, id=16668, stack(0x0000000027ca0000,0x0000000027da0000)]
  0x000000002ccbe000 JavaThread "jar transforms Thread 295" [_thread_blocked, id=20284, stack(0x0000000027ba0000,0x0000000027ca0000)]
  0x000000002ccbc000 JavaThread "jar transforms Thread 294" [_thread_blocked, id=19556, stack(0x0000000027aa0000,0x0000000027ba0000)]
  0x000000002ccb1800 JavaThread "jar transforms Thread 293" [_thread_blocked, id=20352, stack(0x00000000279a0000,0x0000000027aa0000)]
  0x000000002ccb7800 JavaThread "jar transforms Thread 292" [_thread_blocked, id=17356, stack(0x00000000278a0000,0x00000000279a0000)]
  0x000000002ccb3800 JavaThread "jar transforms Thread 291" [_thread_blocked, id=20380, stack(0x00000000277a0000,0x00000000278a0000)]
  0x000000002ccb4800 JavaThread "jar transforms Thread 290" [_thread_blocked, id=16336, stack(0x00000000276a0000,0x00000000277a0000)]
  0x000000002ccb8000 JavaThread "jar transforms Thread 289" [_thread_blocked, id=6432, stack(0x00000000275a0000,0x00000000276a0000)]
  0x000000002ccb0000 JavaThread "jar transforms Thread 288" [_thread_blocked, id=16332, stack(0x00000000274a0000,0x00000000275a0000)]
  0x000000002ccaf000 JavaThread "jar transforms Thread 287" [_thread_blocked, id=13360, stack(0x00000000273a0000,0x00000000274a0000)]
  0x000000002ccb2000 JavaThread "jar transforms Thread 286" [_thread_blocked, id=18856, stack(0x00000000272a0000,0x00000000273a0000)]
  0x000000002ccb6000 JavaThread "jar transforms Thread 285" [_thread_blocked, id=17088, stack(0x00000000271a0000,0x00000000272a0000)]
  0x000000002ccb0800 JavaThread "jar transforms Thread 284" [_thread_blocked, id=17248, stack(0x00000000270a0000,0x00000000271a0000)]
  0x000000002ccb3000 JavaThread "jar transforms Thread 283" [_thread_blocked, id=18840, stack(0x0000000026fa0000,0x00000000270a0000)]
  0x000000001c2d2000 JavaThread "jar transforms Thread 282" [_thread_blocked, id=21064, stack(0x0000000026ea0000,0x0000000026fa0000)]
  0x000000001c2d3800 JavaThread "jar transforms Thread 281" [_thread_blocked, id=16788, stack(0x0000000026da0000,0x0000000026ea0000)]
  0x000000001c2cd800 JavaThread "jar transforms Thread 280" [_thread_blocked, id=18172, stack(0x0000000026ca0000,0x0000000026da0000)]
  0x000000001c2cc800 JavaThread "jar transforms Thread 279" [_thread_blocked, id=21796, stack(0x0000000026ba0000,0x0000000026ca0000)]
  0x000000001c2d1000 JavaThread "jar transforms Thread 278" [_thread_blocked, id=20748, stack(0x0000000026aa0000,0x0000000026ba0000)]
  0x000000001c2cc000 JavaThread "jar transforms Thread 277" [_thread_blocked, id=18968, stack(0x00000000269a0000,0x0000000026aa0000)]
  0x000000001c2cf800 JavaThread "jar transforms Thread 276" [_thread_blocked, id=16164, stack(0x00000000268a0000,0x00000000269a0000)]
  0x000000001c2d2800 JavaThread "jar transforms Thread 275" [_thread_blocked, id=2580, stack(0x00000000267a0000,0x00000000268a0000)]
  0x000000001c2d0800 JavaThread "jar transforms Thread 274" [_thread_blocked, id=14744, stack(0x00000000266a0000,0x00000000267a0000)]
  0x000000001c2ce000 JavaThread "jar transforms Thread 273" [_thread_blocked, id=4332, stack(0x00000000265a0000,0x00000000266a0000)]
  0x000000001c2cf000 JavaThread "jar transforms Thread 272" [_thread_blocked, id=20096, stack(0x00000000264a0000,0x00000000265a0000)]
  0x000000001c2c5000 JavaThread "jar transforms Thread 271" [_thread_blocked, id=19532, stack(0x00000000263a0000,0x00000000264a0000)]
  0x000000001c2c7800 JavaThread "jar transforms Thread 270" [_thread_blocked, id=20976, stack(0x00000000262a0000,0x00000000263a0000)]
  0x000000001c2c9800 JavaThread "jar transforms Thread 269" [_thread_blocked, id=5092, stack(0x00000000261a0000,0x00000000262a0000)]
  0x000000001c2c4800 JavaThread "jar transforms Thread 268" [_thread_blocked, id=16648, stack(0x00000000260a0000,0x00000000261a0000)]
  0x000000001c2c6800 JavaThread "jar transforms Thread 267" [_thread_blocked, id=4600, stack(0x0000000025fa0000,0x00000000260a0000)]
  0x000000001c2c8000 JavaThread "jar transforms Thread 266" [_thread_blocked, id=1868, stack(0x0000000025ea0000,0x0000000025fa0000)]
  0x000000001c2cb000 JavaThread "jar transforms Thread 265" [_thread_blocked, id=12064, stack(0x0000000025da0000,0x0000000025ea0000)]
  0x000000001c2c6000 JavaThread "jar transforms Thread 264" [_thread_blocked, id=7004, stack(0x0000000025ca0000,0x0000000025da0000)]
  0x00000000366d3000 JavaThread "jar transforms Thread 263" [_thread_blocked, id=13620, stack(0x0000000025ba0000,0x0000000025ca0000)]
  0x00000000366d8800 JavaThread "jar transforms Thread 262" [_thread_blocked, id=14064, stack(0x0000000025aa0000,0x0000000025ba0000)]
  0x00000000366d5800 JavaThread "jar transforms Thread 261" [_thread_blocked, id=12196, stack(0x00000000259a0000,0x0000000025aa0000)]
  0x00000000366d3800 JavaThread "jar transforms Thread 260" [_thread_blocked, id=22080, stack(0x0000000025660000,0x0000000025760000)]
  0x00000000366d7800 JavaThread "jar transforms Thread 259" [_thread_blocked, id=21588, stack(0x0000000025560000,0x0000000025660000)]
  0x00000000366d7000 JavaThread "jar transforms Thread 258" [_thread_blocked, id=13652, stack(0x0000000025460000,0x0000000025560000)]
  0x00000000366d6000 JavaThread "jar transforms Thread 257" [_thread_blocked, id=18232, stack(0x0000000024d40000,0x0000000024e40000)]
  0x00000000366d4800 JavaThread "jar transforms Thread 256" [_thread_blocked, id=17508, stack(0x0000000024440000,0x0000000024540000)]
  0x00000000366cf000 JavaThread "jar transforms Thread 255" [_thread_blocked, id=12948, stack(0x0000000024340000,0x0000000024440000)]
  0x00000000366cb800 JavaThread "jar transforms Thread 254" [_thread_blocked, id=13512, stack(0x0000000024240000,0x0000000024340000)]
  0x00000000366d1800 JavaThread "jar transforms Thread 253" [_thread_blocked, id=19672, stack(0x0000000023f40000,0x0000000024040000)]
  0x00000000366cc000 JavaThread "jar transforms Thread 252" [_thread_blocked, id=9380, stack(0x0000000023e40000,0x0000000023f40000)]
  0x00000000366d2000 JavaThread "jar transforms Thread 251" [_thread_blocked, id=7492, stack(0x0000000023d40000,0x0000000023e40000)]
  0x00000000366ca800 JavaThread "jar transforms Thread 250" [_thread_blocked, id=3244, stack(0x0000000023c40000,0x0000000023d40000)]
  0x00000000366d0800 JavaThread "jar transforms Thread 249" [_thread_blocked, id=5584, stack(0x0000000023b40000,0x0000000023c40000)]
  0x00000000366ce800 JavaThread "jar transforms Thread 248" [_thread_blocked, id=21868, stack(0x0000000023a40000,0x0000000023b40000)]
  0x00000000366cd800 JavaThread "jar transforms Thread 247" [_thread_blocked, id=21196, stack(0x0000000023940000,0x0000000023a40000)]
  0x00000000366d0000 JavaThread "jar transforms Thread 246" [_thread_blocked, id=13496, stack(0x0000000023840000,0x0000000023940000)]
  0x00000000366c9000 JavaThread "jar transforms Thread 245" [_thread_blocked, id=12036, stack(0x0000000023740000,0x0000000023840000)]
  0x00000000366b9800 JavaThread "Daemon worker Thread 3" [_thread_blocked, id=19664, stack(0x000000001dac0000,0x000000001dbc0000)]
  0x00000000366c0000 JavaThread "Cancel handler" [_thread_blocked, id=14564, stack(0x000000001d9c0000,0x000000001dac0000)]
  0x00000000366be000 JavaThread "Handler for socket connection from /127.0.0.1:50521 to /127.0.0.1:51524" [_thread_blocked, id=22348, stack(0x0000000000a30000,0x0000000000b30000)]
  0x00000000366bc800 JavaThread "Daemon Thread 3" [_thread_in_native, id=12460, stack(0x0000000000830000,0x0000000000930000)]
  0x00000000366be800 JavaThread "RMI TCP Connection(idle)" daemon [_thread_blocked, id=16168, stack(0x0000000000930000,0x0000000000a30000)]
  0x000000001b6cf800 JavaThread "Cache worker for Java compile cache (C:\Users\patry\.gradle\caches\6.5\javaCompile)" [_thread_blocked, id=18612, stack(0x0000000037770000,0x0000000037870000)]
  0x000000001b6c5000 JavaThread "RMI Reaper" [_thread_blocked, id=16160, stack(0x00000000344b0000,0x00000000345b0000)]
  0x000000001b6c6800 JavaThread "RMI TCP Accept-0" daemon [_thread_in_native, id=16340, stack(0x00000000343b0000,0x00000000344b0000)]
  0x000000001b6c7800 JavaThread "GC Daemon" daemon [_thread_blocked, id=21628, stack(0x00000000342b0000,0x00000000343b0000)]
  0x000000001b6c9000 JavaThread "RMI Scheduler(0)" daemon [_thread_blocked, id=7676, stack(0x0000000033ae0000,0x0000000033be0000)]
  0x000000001c151000 JavaThread "Memory manager" [_thread_blocked, id=22316, stack(0x000000002da70000,0x000000002db70000)]
  0x000000001a565800 JavaThread "Cache worker for file content cache (C:\Users\patry\.gradle\caches\6.5\fileContent)" [_thread_blocked, id=5552, stack(0x0000000024c40000,0x0000000024d40000)]
  0x000000001a564000 JavaThread "Cache worker for execution history cache (C:\Users\patry\.gradle\caches\6.5\executionHistory)" [_thread_blocked, id=5544, stack(0x0000000024740000,0x0000000024840000)]
  0x000000001c236800 JavaThread "Cache worker for file hash cache (C:\Users\patry\.gradle\caches\6.5\fileHashes)" [_thread_blocked, id=21292, stack(0x000000001e5c0000,0x000000001e6c0000)]
  0x000000001c233800 JavaThread "File lock request listener" [_thread_in_native, id=9128, stack(0x000000001e4c0000,0x000000001e5c0000)]
  0x000000001c1c9000 JavaThread "Cache worker for journal cache (C:\Users\patry\.gradle\caches\journal-1)" [_thread_blocked, id=20944, stack(0x000000001e3c0000,0x000000001e4c0000)]
  0x000000001bf2f000 JavaThread "Daemon periodic checks" [_thread_blocked, id=14580, stack(0x000000001d6c0000,0x000000001d7c0000)]
  0x000000001bf03800 JavaThread "Incoming local TCP Connector on port 50521" [_thread_in_native, id=19824, stack(0x000000001d480000,0x000000001d580000)]
  0x000000001be2d000 JavaThread "Daemon health stats" [_thread_blocked, id=16756, stack(0x000000001ce40000,0x000000001cf40000)]
  0x000000001966a000 JavaThread "Service Thread" daemon [_thread_blocked, id=19360, stack(0x000000001a2a0000,0x000000001a3a0000)]
  0x00000000195e8000 JavaThread "C1 CompilerThread3" daemon [_thread_in_vm, id=1308, stack(0x000000001a1a0000,0x000000001a2a0000)]
  0x00000000195e1800 JavaThread "C2 CompilerThread2" daemon [_thread_in_native, id=15680, stack(0x000000001a0a0000,0x000000001a1a0000)]
=>0x00000000195db800 JavaThread "C2 CompilerThread1" daemon [_thread_in_native, id=13100, stack(0x0000000019fa0000,0x000000001a0a0000)]
  0x00000000195d8800 JavaThread "C2 CompilerThread0" daemon [_thread_in_native, id=2184, stack(0x0000000019ea0000,0x0000000019fa0000)]
  0x00000000195d2800 JavaThread "Attach Listener" daemon [_thread_blocked, id=22380, stack(0x0000000019da0000,0x0000000019ea0000)]
  0x00000000195d1000 JavaThread "Signal Dispatcher" daemon [_thread_blocked, id=21568, stack(0x0000000019ca0000,0x0000000019da0000)]
  0x00000000195c1800 JavaThread "Finalizer" daemon [_thread_blocked, id=21144, stack(0x0000000019aa0000,0x0000000019ba0000)]
  0x00000000026c9000 JavaThread "Reference Handler" daemon [_thread_blocked, id=10476, stack(0x00000000199a0000,0x0000000019aa0000)]
  0x00000000025d3000 JavaThread "main" [_thread_blocked, id=21584, stack(0x0000000002460000,0x0000000002560000)]

Other Threads:
  0x00000000177b6800 VMThread [stack: 0x00000000194a0000,0x00000000195a0000] [id=15992]
  0x000000001966b000 WatcherThread [stack: 0x000000001a3a0000,0x000000001a4a0000] [id=15884]

VM state:not at safepoint (normal execution)

VM Mutex/Monitor currently owned by a thread:  ([mutex/lock_event])
[0x000000000274d740] CodeCache_lock - owner thread: 0x00000000195e8000
[0x00000000025d0250] CompiledIC_lock - owner thread: 0x00000000195e8000

heap address: 0x0000000080000000, size: 2048 MB, Compressed Oops mode: 32-bit
Narrow klass base: 0x0000000000000000, Narrow klass shift: 3
Compressed class space size: 1073741824 Address: 0x0000000100000000

Heap:
 PSYoungGen      total 433664K, used 333775K [0x00000000d5580000, 0x0000000100000000, 0x0000000100000000)
  eden space 271872K, 72% used [0x00000000d5580000,0x00000000e168e5a0,0x00000000e5f00000)
  from space 161792K, 84% used [0x00000000f6200000,0x00000000fe6e5968,0x0000000100000000)
  to   space 213504K, 0% used [0x00000000e5f00000,0x00000000e5f00000,0x00000000f2f80000)
 ParOldGen       total 715264K, used 276276K [0x0000000080000000, 0x00000000aba80000, 0x00000000d5580000)
  object space 715264K, 38% used [0x0000000080000000,0x0000000090dcd098,0x00000000aba80000)
 Metaspace       used 146283K, capacity 154434K, committed 154712K, reserved 1183744K
  class space    used 18772K, capacity 20329K, committed 20352K, reserved 1048576K

Card table byte_map: [0x0000000011b10000,0x0000000011f20000] byte_map_base: 0x0000000011710000

Marking Bits: (ParMarkBitMap*) 0x0000000063cbf030
 Begin Bits: [0x00000000129d0000, 0x00000000149d0000)
 End Bits:   [0x00000000149d0000, 0x00000000169d0000)

Polling page: 0x0000000000c40000

CodeCache: size=245760Kb used=75236Kb max_used=75546Kb free=170523Kb
 bounds [0x0000000002750000, 0x0000000007190000, 0x0000000011750000]
 total_blobs=22387 nmethods=21405 adapters=893
 compilation: enabled

Compilation events (10 events):
Event: 584.945 Thread 0x00000000195e8000 nmethod 27767 0x0000000002f8f150 code [0x0000000002f8f2c0, 0x0000000002f8f468]
Event: 584.947 Thread 0x00000000195e8000 27772       3       com.google.protobuf.UnknownFieldSet::writeTo (67 bytes)
Event: 584.947 Thread 0x00000000195e8000 nmethod 27772 0x00000000070632d0 code [0x00000000070634e0, 0x0000000007063fe8]
Event: 584.948 Thread 0x00000000195d8800 27775       4       org.codehaus.groovy.util.ComplexKeyHashMap$1::hasNext (13 bytes)
Event: 584.948 Thread 0x00000000195d8800 nmethod 27775 0x000000000287f0d0 code [0x000000000287f200, 0x000000000287f278]
Event: 584.949 Thread 0x00000000195e8000 27773       3       com.google.protobuf.CodedOutputStream$ArrayEncoder::writeMessage (12 bytes)
Event: 584.949 Thread 0x00000000195e8000 nmethod 27773 0x0000000004422510 code [0x00000000044226c0, 0x0000000004422d18]
Event: 584.950 Thread 0x00000000195e8000 27774       3       com.google.protobuf.CodedOutputStream$ArrayEncoder::writeMessageNoTag (18 bytes)
Event: 584.950 Thread 0x00000000195e8000 nmethod 27774 0x0000000003473b50 code [0x0000000003473ce0, 0x0000000003474088]
Event: 584.950 Thread 0x00000000195db800 27777       4       org.gradle.internal.resources.DefaultResourceLockCoordinationService::getCurrent (58 bytes)

GC Heap History (10 events):
Event: 220.511 GC heap before
{Heap before GC invocations=18 (full 4):
 PSYoungGen      total 502784K, used 502772K [0x00000000d5580000, 0x0000000100000000, 0x0000000100000000)
  eden space 432128K, 100% used [0x00000000d5580000,0x00000000efb80000,0x00000000efb80000)
  from space 70656K, 99% used [0x00000000efb80000,0x00000000f407d310,0x00000000f4080000)
  to   space 105984K, 0% used [0x00000000f9880000,0x00000000f9880000,0x0000000100000000)
 ParOldGen       total 715264K, used 162193K [0x0000000080000000, 0x00000000aba80000, 0x00000000d5580000)
  object space 715264K, 22% used [0x0000000080000000,0x0000000089e645e8,0x00000000aba80000)
 Metaspace       used 131032K, capacity 137548K, committed 137816K, reserved 1169408K
  class space    used 16932K, capacity 18230K, committed 18304K, reserved 1048576K
Event: 220.579 GC heap after
Heap after GC invocations=18 (full 4):
 PSYoungGen      total 580608K, used 75196K [0x00000000d5580000, 0x0000000100000000, 0x0000000100000000)
  eden space 474624K, 0% used [0x00000000d5580000,0x00000000d5580000,0x00000000f2500000)
  from space 105984K, 70% used [0x00000000f9880000,0x00000000fe1ef118,0x0000000100000000)
  to   space 112128K, 0% used [0x00000000f2500000,0x00000000f2500000,0x00000000f9280000)
 ParOldGen       total 715264K, used 162201K [0x0000000080000000, 0x00000000aba80000, 0x00000000d5580000)
  object space 715264K, 22% used [0x0000000080000000,0x0000000089e665e8,0x00000000aba80000)
 Metaspace       used 131032K, capacity 137548K, committed 137816K, reserved 1169408K
  class space    used 16932K, capacity 18230K, committed 18304K, reserved 1048576K
}
Event: 225.585 GC heap before
{Heap before GC invocations=19 (full 4):
 PSYoungGen      total 580608K, used 549820K [0x00000000d5580000, 0x0000000100000000, 0x0000000100000000)
  eden space 474624K, 100% used [0x00000000d5580000,0x00000000f2500000,0x00000000f2500000)
  from space 105984K, 70% used [0x00000000f9880000,0x00000000fe1ef118,0x0000000100000000)
  to   space 112128K, 0% used [0x00000000f2500000,0x00000000f2500000,0x00000000f9280000)
 ParOldGen       total 715264K, used 162201K [0x0000000080000000, 0x00000000aba80000, 0x00000000d5580000)
  object space 715264K, 22% used [0x0000000080000000,0x0000000089e665e8,0x00000000aba80000)
 Metaspace       used 142665K, capacity 150426K, committed 150488K, reserved 1179648K
  class space    used 18465K, capacity 19951K, committed 19968K, reserved 1048576K
Event: 225.652 GC heap after
Heap after GC invocations=19 (full 4):
 PSYoungGen      total 577024K, used 102239K [0x00000000d5580000, 0x0000000100000000, 0x0000000100000000)
  eden space 474624K, 0% used [0x00000000d5580000,0x00000000d5580000,0x00000000f2500000)
  from space 102400K, 99% used [0x00000000f2500000,0x00000000f88d7fb0,0x00000000f8900000)
  to   space 121856K, 0% used [0x00000000f8900000,0x00000000f8900000,0x0000000100000000)
 ParOldGen       total 715264K, used 162217K [0x0000000080000000, 0x00000000aba80000, 0x00000000d5580000)
  object space 715264K, 22% used [0x0000000080000000,0x0000000089e6a5e8,0x00000000aba80000)
 Metaspace       used 142665K, capacity 150426K, committed 150488K, reserved 1179648K
  class space    used 18465K, capacity 19951K, committed 19968K, reserved 1048576K
}
Event: 228.244 GC heap before
{Heap before GC invocations=20 (full 4):
 PSYoungGen      total 577024K, used 576863K [0x00000000d5580000, 0x0000000100000000, 0x0000000100000000)
  eden space 474624K, 100% used [0x00000000d5580000,0x00000000f2500000,0x00000000f2500000)
  from space 102400K, 99% used [0x00000000f2500000,0x00000000f88d7fb0,0x00000000f8900000)
  to   space 121856K, 0% used [0x00000000f8900000,0x00000000f8900000,0x0000000100000000)
 ParOldGen       total 715264K, used 162217K [0x0000000080000000, 0x00000000aba80000, 0x00000000d5580000)
  object space 715264K, 22% used [0x0000000080000000,0x0000000089e6a5e8,0x00000000aba80000)
 Metaspace       used 144320K, capacity 152192K, committed 152408K, reserved 1181696K
  class space    used 18581K, capacity 20094K, committed 20096K, reserved 1048576K
Event: 228.340 GC heap after
Heap after GC invocations=20 (full 4):
 PSYoungGen      total 497152K, used 121844K [0x00000000d5580000, 0x0000000100000000, 0x0000000100000000)
  eden space 375296K, 0% used [0x00000000d5580000,0x00000000d5580000,0x00000000ec400000)
  from space 121856K, 99% used [0x00000000f8900000,0x00000000ffffd338,0x0000000100000000)
  to   space 161792K, 0% used [0x00000000ec400000,0x00000000ec400000,0x00000000f6200000)
 ParOldGen       total 715264K, used 206420K [0x0000000080000000, 0x00000000aba80000, 0x00000000d5580000)
  object space 715264K, 28% used [0x0000000080000000,0x000000008c9950c0,0x00000000aba80000)
 Metaspace       used 144320K, capacity 152192K, committed 152408K, reserved 1181696K
  class space    used 18581K, capacity 20094K, committed 20096K, reserved 1048576K
}
Event: 230.346 GC heap before
{Heap before GC invocations=21 (full 4):
 PSYoungGen      total 497152K, used 497140K [0x00000000d5580000, 0x0000000100000000, 0x0000000100000000)
  eden space 375296K, 100% used [0x00000000d5580000,0x00000000ec400000,0x00000000ec400000)
  from space 121856K, 99% used [0x00000000f8900000,0x00000000ffffd338,0x0000000100000000)
  to   space 161792K, 0% used [0x00000000ec400000,0x00000000ec400000,0x00000000f6200000)
 ParOldGen       total 715264K, used 206420K [0x0000000080000000, 0x00000000aba80000, 0x00000000d5580000)
  object space 715264K, 28% used [0x0000000080000000,0x000000008c9950c0,0x00000000aba80000)
 Metaspace       used 144561K, capacity 152486K, committed 152792K, reserved 1181696K
  class space    used 18588K, capacity 20101K, committed 20224K, reserved 1048576K
Event: 230.470 GC heap after
Heap after GC invocations=21 (full 4):
 PSYoungGen      total 537088K, used 161791K [0x00000000d5580000, 0x0000000100000000, 0x0000000100000000)
  eden space 375296K, 0% used [0x00000000d5580000,0x00000000d5580000,0x00000000ec400000)
  from space 161792K, 99% used [0x00000000ec400000,0x00000000f61fff00,0x00000000f6200000)
  to   space 161792K, 0% used [0x00000000f6200000,0x00000000f6200000,0x0000000100000000)
 ParOldGen       total 715264K, used 248375K [0x0000000080000000, 0x00000000aba80000, 0x00000000d5580000)
  object space 715264K, 34% used [0x0000000080000000,0x000000008f28df40,0x00000000aba80000)
 Metaspace       used 144561K, capacity 152486K, committed 152792K, reserved 1181696K
  class space    used 18588K, capacity 20101K, committed 20224K, reserved 1048576K
}
Event: 581.442 GC heap before
{Heap before GC invocations=22 (full 4):
 PSYoungGen      total 537088K, used 537087K [0x00000000d5580000, 0x0000000100000000, 0x0000000100000000)
  eden space 375296K, 100% used [0x00000000d5580000,0x00000000ec400000,0x00000000ec400000)
  from space 161792K, 99% used [0x00000000ec400000,0x00000000f61fff00,0x00000000f6200000)
  to   space 161792K, 0% used [0x00000000f6200000,0x00000000f6200000,0x0000000100000000)
 ParOldGen       total 715264K, used 248375K [0x0000000080000000, 0x00000000aba80000, 0x00000000d5580000)
  object space 715264K, 34% used [0x0000000080000000,0x000000008f28df40,0x00000000aba80000)
 Metaspace       used 146051K, capacity 154138K, committed 154200K, reserved 1183744K
  class space    used 18751K, capacity 20313K, committed 20352K, reserved 1048576K
Event: 581.522 GC heap after
Heap after GC invocations=22 (full 4):
 PSYoungGen      total 433664K, used 136086K [0x00000000d5580000, 0x0000000100000000, 0x0000000100000000)
  eden space 271872K, 0% used [0x00000000d5580000,0x00000000d5580000,0x00000000e5f00000)
  from space 161792K, 84% used [0x00000000f6200000,0x00000000fe6e5968,0x0000000100000000)
  to   space 213504K, 0% used [0x00000000e5f00000,0x00000000e5f00000,0x00000000f2f80000)
 ParOldGen       total 715264K, used 276276K [0x0000000080000000, 0x00000000aba80000, 0x00000000d5580000)
  object space 715264K, 38% used [0x0000000080000000,0x0000000090dcd098,0x00000000aba80000)
 Metaspace       used 146051K, capacity 154138K, committed 154200K, reserved 1183744K
  class space    used 18751K, capacity 20313K, committed 20352K, reserved 1048576K
}

Deoptimization events (10 events):
Event: 582.723 Thread 0x000000001fb9b800 Uncommon trap: reason=class_check action=maybe_recompile pc=0x0000000003f3e048 method=java.util.Spliterators.spliterator(Ljava/util/Collection;I)Ljava/util/Spliterator; @ 8
Event: 582.724 Thread 0x000000001fb9b800 Uncommon trap: reason=unstable_if action=reinterpret pc=0x0000000002b95eec method=org.gradle.internal.execution.history.changes.CachingChangeContainer.accept(Lorg/gradle/internal/execution/history/changes/ChangeVisitor;)Z @ 108
Event: 582.773 Thread 0x000000001fb9b800 Uncommon trap: reason=class_check action=maybe_recompile pc=0x0000000005743434 method=java.lang.Character.equals(Ljava/lang/Object;)Z @ 1
Event: 582.773 Thread 0x000000001fb9b800 Uncommon trap: reason=class_check action=maybe_recompile pc=0x0000000005743434 method=java.lang.Character.equals(Ljava/lang/Object;)Z @ 1
Event: 584.866 Thread 0x00000000366c1000 Uncommon trap: reason=unloaded action=reinterpret pc=0x000000000704b180 method=org.gradle.internal.remote.internal.inet.SocketConnection.flush()V @ 20
Event: 584.934 Thread 0x00000000366c1800 Uncommon trap: reason=unloaded action=reinterpret pc=0x0000000004489cd8 method=com.esotericsoftware.kryo.io.Output.flush()V @ 28
Event: 584.934 Thread 0x00000000366c1800 Uncommon trap: reason=unloaded action=reinterpret pc=0x0000000006081e1c method=org.gradle.internal.remote.internal.inet.SocketConnection.dispatch(Ljava/lang/Object;)V @ 104
Event: 584.938 Thread 0x00000000366b9800 Uncommon trap: reason=unstable_if action=reinterpret pc=0x0000000002ed4aa0 method=org.gradle.internal.operations.DefaultBuildOperationExecutor$3.stop()V @ 61
Event: 584.940 Thread 0x00000000366b9800 Uncommon trap: reason=unstable_if action=reinterpret pc=0x0000000005632104 method=java.util.regex.Pattern.split(Ljava/lang/CharSequence;I)[Ljava/lang/String; @ 255
Event: 584.942 Thread 0x0000000019911800 Uncommon trap: reason=unstable_if action=reinterpret pc=0x00000000058ace70 method=java.util.concurrent.locks.AbstractQueuedSynchronizer$ConditionObject.awaitNanos(J)J @ 89

Classes redefined (0 events):
No events

Internal exceptions (10 events):
Event: 582.705 Thread 0x000000001fb9b800 Exception <a 'sun/nio/fs/WindowsException'> (0x00000000dfee81a0) thrown at [C:\src\AOSP-openjdk-git\hotspot\src\share\vm\prims\jni.cpp, line 710]
Event: 582.781 Thread 0x0000000019915000 Exception <a 'java/lang/InterruptedException'> (0x00000000e0b10800) thrown at [C:\src\AOSP-openjdk-git\hotspot\src\share\vm\runtime\objectMonitor.cpp, line 1680]
Event: 584.706 Thread 0x00000000366be800 Exception <a 'sun/net/ConnectionResetException': > (0x00000000e0f2dad0) thrown at [C:\src\AOSP-openjdk-git\hotspot\src\share\vm\prims\jni.cpp, line 737]
Event: 584.706 Thread 0x000000001991a800 Exception <a 'sun/net/ConnectionResetException': > (0x00000000e0e39f60) thrown at [C:\src\AOSP-openjdk-git\hotspot\src\share\vm\prims\jni.cpp, line 737]
Event: 584.706 Thread 0x000000001991a800 Exception <a 'sun/net/ConnectionResetException': > (0x00000000e0e3a190) thrown at [C:\src\AOSP-openjdk-git\hotspot\src\share\vm\prims\jni.cpp, line 737]
Event: 584.706 Thread 0x00000000366be800 Exception <a 'sun/net/ConnectionResetException': > (0x00000000e0f2dd00) thrown at [C:\src\AOSP-openjdk-git\hotspot\src\share\vm\prims\jni.cpp, line 737]
Event: 584.858 Thread 0x00000000366be000 Exception <a 'java/io/IOException'> (0x00000000e1117b20) thrown at [C:\src\AOSP-openjdk-git\hotspot\src\share\vm\prims\jni.cpp, line 710]
Event: 584.866 Thread 0x00000000366c1000 Exception <a 'java/io/IOException'> (0x00000000d55c1930) thrown at [C:\src\AOSP-openjdk-git\hotspot\src\share\vm\prims\jni.cpp, line 710]
Event: 584.934 Thread 0x00000000366c1800 Exception <a 'java/io/IOException'> (0x00000000dea74c48) thrown at [C:\src\AOSP-openjdk-git\hotspot\src\share\vm\prims\jni.cpp, line 710]
Event: 584.934 Thread 0x00000000366c1800 Exception <a 'java/io/IOException'> (0x00000000dea75518) thrown at [C:\src\AOSP-openjdk-git\hotspot\src\share\vm\prims\jni.cpp, line 710]

Events (10 events):
Event: 584.949 Thread 0x00000000195e8000 flushing nmethod 0x0000000003eaa810
Event: 584.949 Thread 0x00000000195e8000 flushing nmethod 0x0000000003eb3890
Event: 584.949 Thread 0x00000000195e8000 flushing nmethod 0x0000000003eb4290
Event: 584.949 Thread 0x00000000195e8000 flushing nmethod 0x0000000003ebe290
Event: 584.949 Thread 0x00000000195e8000 flushing nmethod 0x0000000003f2ab90
Event: 584.949 Thread 0x00000000195e8000 flushing nmethod 0x0000000003f52950
Event: 584.950 Thread 0x00000000195e8000 flushing nmethod 0x000000000421c4d0
Event: 584.950 Thread 0x00000000195e8000 flushing nmethod 0x00000000043d6510
Event: 584.950 Thread 0x00000000195e8000 flushing nmethod 0x0000000004427810
Event: 584.950 Thread 0x00000000195e8000 flushing nmethod 0x000000000445e5d0


Dynamic libraries:
0x00007ff673150000 - 0x00007ff673181000 	C:\Program Files\Android\Android Studio\jre\bin\java.exe
0x00007ffca6d30000 - 0x00007ffca6f25000 	C:\WINDOWS\SYSTEM32\ntdll.dll
0x00007ffca6300000 - 0x00007ffca63bd000 	C:\WINDOWS\System32\KERNEL32.DLL
0x00007ffca4a90000 - 0x00007ffca4d59000 	C:\WINDOWS\System32\KERNELBASE.dll
0x00007ffca6b10000 - 0x00007ffca6bbc000 	C:\WINDOWS\System32\ADVAPI32.dll
0x00007ffca5180000 - 0x00007ffca521e000 	C:\WINDOWS\System32\msvcrt.dll
0x00007ffca6c20000 - 0x00007ffca6cbc000 	C:\WINDOWS\System32\sechost.dll
0x00007ffca4fa0000 - 0x00007ffca50cb000 	C:\WINDOWS\System32\RPCRT4.dll
0x00007ffca53e0000 - 0x00007ffca5580000 	C:\WINDOWS\System32\USER32.dll
0x00007ffca4670000 - 0x00007ffca4692000 	C:\WINDOWS\System32\win32u.dll
0x00007ffca4ee0000 - 0x00007ffca4f0a000 	C:\WINDOWS\System32\GDI32.dll
0x00007ffca4850000 - 0x00007ffca495b000 	C:\WINDOWS\System32\gdi32full.dll
0x00007ffca47b0000 - 0x00007ffca484d000 	C:\WINDOWS\System32\msvcp_win.dll
0x00007ffca4990000 - 0x00007ffca4a90000 	C:\WINDOWS\System32\ucrtbase.dll
0x00007ffc6a1d0000 - 0x00007ffc6a46a000 	C:\WINDOWS\WinSxS\amd64_microsoft.windows.common-controls_6595b64144ccf1df_6.0.19041.844_none_ca00b6081b84eb1d\COMCTL32.dll
0x00007ffca5290000 - 0x00007ffca52c0000 	C:\WINDOWS\System32\IMM32.DLL
0x0000000063410000 - 0x00000000634e2000 	C:\Program Files\Android\Android Studio\jre\jre\bin\msvcr100.dll
0x00000000634f0000 - 0x0000000063d3b000 	C:\Program Files\Android\Android Studio\jre\jre\bin\server\jvm.dll
0x00007ffca5370000 - 0x00007ffca5378000 	C:\WINDOWS\System32\PSAPI.DLL
0x00007ffc5e020000 - 0x00007ffc5e029000 	C:\WINDOWS\SYSTEM32\WSOCK32.dll
0x00007ffc9b390000 - 0x00007ffc9b3b7000 	C:\WINDOWS\SYSTEM32\WINMM.dll
0x00007ffc9e950000 - 0x00007ffc9e95a000 	C:\WINDOWS\SYSTEM32\VERSION.dll
0x00007ffca5220000 - 0x00007ffca528b000 	C:\WINDOWS\System32\WS2_32.dll
0x00007ffc6fc30000 - 0x00007ffc6fc3f000 	C:\Program Files\Android\Android Studio\jre\jre\bin\verify.dll
0x00007ffc5d490000 - 0x00007ffc5d4b9000 	C:\Program Files\Android\Android Studio\jre\jre\bin\java.dll
0x00007ffc5c790000 - 0x00007ffc5c7a6000 	C:\Program Files\Android\Android Studio\jre\jre\bin\zip.dll
0x00007ffca5580000 - 0x00007ffca5cc2000 	C:\WINDOWS\System32\SHELL32.dll
0x00007ffca2580000 - 0x00007ffca2d10000 	C:\WINDOWS\SYSTEM32\windows.storage.dll
0x00007ffca6660000 - 0x00007ffca69b5000 	C:\WINDOWS\System32\combase.dll
0x00007ffca3de0000 - 0x00007ffca3e0c000 	C:\WINDOWS\SYSTEM32\Wldp.dll
0x00007ffca50d0000 - 0x00007ffca517e000 	C:\WINDOWS\System32\SHCORE.dll
0x00007ffca4e80000 - 0x00007ffca4ed5000 	C:\WINDOWS\System32\shlwapi.dll
0x00007ffca4380000 - 0x00007ffca439f000 	C:\WINDOWS\SYSTEM32\profapi.dll
0x00007ffc404d0000 - 0x00007ffc404ea000 	C:\Program Files\Android\Android Studio\jre\jre\bin\net.dll
0x00007ffca3bd0000 - 0x00007ffca3c3a000 	C:\WINDOWS\system32\mswsock.dll
0x00007ffc404b0000 - 0x00007ffc404c3000 	C:\Program Files\Android\Android Studio\jre\jre\bin\nio.dll
0x00007ffc42660000 - 0x00007ffc42687000 	C:\Users\patry\.gradle\native\f6784746aeab05261644944871eae4fe03e0ef1612fff0a4a95f87b438bc6780\windows-amd64\native-platform.dll
0x00007ffc5f9c0000 - 0x00007ffc5f9cd000 	C:\Program Files\Android\Android Studio\jre\jre\bin\management.dll
0x00007ffca3e20000 - 0x00007ffca3e38000 	C:\WINDOWS\SYSTEM32\CRYPTSP.dll
0x00007ffca3520000 - 0x00007ffca3554000 	C:\WINDOWS\system32\rsaenh.dll
0x00007ffca4960000 - 0x00007ffca4987000 	C:\WINDOWS\System32\bcrypt.dll
0x00007ffca4340000 - 0x00007ffca436e000 	C:\WINDOWS\SYSTEM32\USERENV.dll
0x00007ffca4440000 - 0x00007ffca44c0000 	C:\WINDOWS\System32\bcryptprimitives.dll
0x00007ffca3d50000 - 0x00007ffca3d5c000 	C:\WINDOWS\SYSTEM32\CRYPTBASE.dll
0x00007ffca3890000 - 0x00007ffca38cb000 	C:\WINDOWS\SYSTEM32\IPHLPAPI.DLL
0x00007ffca62f0000 - 0x00007ffca62f8000 	C:\WINDOWS\System32\NSI.dll
0x00007ffc9ea80000 - 0x00007ffc9ea97000 	C:\WINDOWS\SYSTEM32\dhcpcsvc6.DLL
0x00007ffc9ea60000 - 0x00007ffc9ea7d000 	C:\WINDOWS\SYSTEM32\dhcpcsvc.DLL
0x00007ffca38e0000 - 0x00007ffca39ab000 	C:\WINDOWS\SYSTEM32\DNSAPI.dll
0x00007ffc9eaf0000 - 0x00007ffc9eafb000 	C:\WINDOWS\SYSTEM32\WINNSI.DLL
0x00007ffc5c950000 - 0x00007ffc5c96e000 	C:\Users\patry\AppData\Local\Temp\native-platform6349442984536162191dir\native-platform.dll
0x0000000066e00000 - 0x0000000066f03000 	C:\Users\patry\AppData\Local\Temp\sqlite-3.25.2-4fe6c2cf-b274-4698-b4db-c3a2fb24f50a-sqlitejdbc.dll
0x00007ffc973f0000 - 0x00007ffc975d4000 	C:\WINDOWS\SYSTEM32\dbghelp.dll

VM Arguments:
jvm_args: -Xmx2048m -Dfile.encoding=UTF-8 -Duser.country=GB -Duser.language=en -Duser.variant 
java_command: org.gradle.launcher.daemon.bootstrap.GradleDaemon 6.5
java_class_path (initial): C:\Users\patry\.gradle\wrapper\dists\gradle-6.5-all\2oz4ud9k3tuxjg84bbf55q0tn\gradle-6.5\lib\gradle-launcher-6.5.jar
Launcher Type: SUN_STANDARD

Environment Variables:
USERNAME=patry
OS=Windows_NT
PROCESSOR_IDENTIFIER=Intel64 Family 6 Model 60 Stepping 3, GenuineIntel



---------------  S Y S T E M  ---------------

OS: Windows 10.0 , 64 bit Build 19041 (10.0.19041.804)

CPU:total 8 (initial active 8) (4 cores per cpu, 2 threads per core) family 6 model 60 stepping 3, cmov, cx8, fxsr, mmx, sse, sse2, sse3, ssse3, sse4.1, sse4.2, popcnt, avx, avx2, aes, clmul, erms, lzcnt, ht, tsc, tscinvbit, bmi1, bmi2

Memory: 4k page, physical 33419716k(17501572k free), swap 38400452k(19308012k free)

vm_info: OpenJDK 64-Bit Server VM (25.242-b01) for windows-amd64 JRE (1.8.0_242-release-1644-b01), built by "builder" with MS VC++ 10.0 (VS2010)

time: Mon Mar 22 17:27:01 2021
timezone: GMT Standard Time
elapsed time: 584 seconds (0d 0h 9m 44s)

